TN:
SF:/root/test/SYSV2/src/SYSV_RK/SYTRS_3.c
FN:10,csytrs_3_
FNDA:0,csytrs_3_
FNF:1
FNH:0
DA:10,0
DA:21,0
DA:29,0
DA:30,0
DA:31,0
DA:32,0
DA:37,0
DA:38,0
DA:39,0
DA:40,0
DA:41,0
DA:42,0
DA:43,0
DA:44,0
DA:45,0
DA:46,0
DA:47,0
DA:48,0
DA:50,0
DA:51,0
DA:52,0
DA:57,0
DA:60,0
DA:76,0
DA:77,0
DA:78,0
DA:79,0
DA:88,0
DA:98,0
DA:99,0
DA:101,0
DA:102,0
DA:106,0
DA:107,0
DA:108,0
DA:109,0
DA:110,0
DA:112,0
DA:113,0
DA:114,0
DA:115,0
DA:116,0
DA:120,0
DA:126,0
DA:143,0
DA:144,0
DA:145,0
DA:146,0
DA:164,0
DA:165,0
DA:166,0
DA:167,0
DA:174,0
DA:185,0
DA:186,0
DA:188,0
DA:189,0
DA:193,0
DA:194,0
DA:195,0
DA:196,0
DA:197,0
DA:199,0
DA:200,0
DA:201,0
DA:202,0
DA:203,0
DA:205,0
DA:207,0
DA:213,0
DA:230,0
DA:231,0
DA:232,0
DA:233,0
LF:74
LH:0
end_of_record
SF:/root/test/SYSV2/include/kml/kml_service.h
DA:260,0
LF:1
LH:0
end_of_record
TN:
SF:/root/test/SYSV2/include/kml/kml_service.h
DA:260,0
LF:1
LH:0
end_of_record
SF:/root/test/SYSV2/src/SYSV_RK/SYTRF_RK.c
FN:10,ssytrf_rk_
FNDA:0,ssytrf_rk_
FNF:1
FNH:0
DA:10,0
DA:20,0
DA:21,0
DA:22,0
DA:23,0
DA:25,0
DA:26,0
DA:27,0
DA:28,0
DA:29,0
DA:30,0
DA:31,0
DA:32,0
DA:33,0
DA:34,0
DA:35,0
DA:38,0
DA:39,0
DA:40,0
DA:41,0
DA:46,0
DA:47,0
DA:48,0
DA:51,0
DA:52,0
DA:53,0
DA:57,0
DA:58,0
DA:60,0
DA:61,0
DA:62,0
DA:70,0
DA:71,0
DA:74,0
DA:82,0
DA:86,0
DA:87,0
DA:92,0
DA:98,0
DA:99,0
DA:121,0
DA:122,0
DA:123,0
DA:124,0
DA:125,0
DA:126,0
DA:133,0
DA:147,0
DA:148,0
DA:149,0
DA:155,0
DA:156,0
DA:157,0
DA:162,0
DA:163,0
DA:164,0
DA:165,0
DA:177,0
DA:178,0
DA:179,0
DA:181,0
DA:195,0
DA:196,0
DA:197,0
DA:198,0
DA:199,0
DA:206,0
DA:217,0
DA:218,0
LF:69
LH:0
end_of_record
TN:
SF:/root/test/SYSV2/src/SYSV_RK/SYTRF_RK.c
FN:10,dsytrf_rk_
FNDA:0,dsytrf_rk_
FNF:1
FNH:0
DA:10,0
DA:20,0
DA:21,0
DA:22,0
DA:23,0
DA:25,0
DA:26,0
DA:27,0
DA:28,0
DA:29,0
DA:30,0
DA:31,0
DA:32,0
DA:33,0
DA:34,0
DA:35,0
DA:38,0
DA:39,0
DA:40,0
DA:41,0
DA:46,0
DA:47,0
DA:48,0
DA:51,0
DA:52,0
DA:53,0
DA:57,0
DA:58,0
DA:60,0
DA:61,0
DA:62,0
DA:70,0
DA:71,0
DA:74,0
DA:82,0
DA:86,0
DA:87,0
DA:92,0
DA:98,0
DA:99,0
DA:121,0
DA:122,0
DA:123,0
DA:124,0
DA:125,0
DA:126,0
DA:133,0
DA:147,0
DA:148,0
DA:149,0
DA:155,0
DA:156,0
DA:157,0
DA:162,0
DA:163,0
DA:164,0
DA:165,0
DA:177,0
DA:178,0
DA:179,0
DA:181,0
DA:195,0
DA:196,0
DA:197,0
DA:198,0
DA:199,0
DA:206,0
DA:217,0
DA:218,0
LF:69
LH:0
end_of_record
SF:/root/test/SYSV2/include/kml/kml_service.h
DA:260,0
LF:1
LH:0
end_of_record
TN:
SF:/root/test/SYSV2/src/SYSV_RK/LASYF_RK.c
FN:10,clasyf_rk_
FNDA:0,clasyf_rk_
FNF:1
FNH:0
DA:10,0
DA:21,0
DA:22,0
DA:23,0
DA:24,0
DA:25,0
DA:26,0
DA:30,0
DA:31,0
DA:32,0
DA:34,0
DA:36,0
DA:37,0
DA:38,0
DA:39,0
DA:40,0
DA:44,0
DA:45,0
DA:46,0
DA:47,0
DA:54,0
DA:60,0
DA:61,0
DA:62,0
DA:66,0
DA:68,0
DA:69,0
DA:72,0
DA:74,0
DA:75,0
DA:84,0
DA:90,0
DA:94,0
DA:97,0
DA:98,0
DA:100,0
DA:101,0
DA:102,0
DA:103,0
DA:114,0
DA:115,0
DA:117,0
DA:122,0
DA:123,0
DA:124,0
DA:125,0
DA:135,0
DA:136,0
DA:141,0
DA:144,0
DA:163,0
DA:169,0
DA:172,0
DA:173,0
DA:175,0
DA:178,0
DA:183,0
DA:184,0
DA:186,0
DA:187,0
DA:191,0
DA:194,0
DA:196,0
DA:197,0
DA:199,0
DA:204,0
DA:205,0
DA:207,0
DA:208,0
DA:211,0
DA:217,0
DA:218,0
DA:219,0
DA:220,0
DA:221,0
DA:222,0
DA:224,0
DA:225,0
DA:226,0
DA:227,0
DA:231,0
DA:239,0
DA:241,0
DA:242,0
DA:243,0
DA:244,0
DA:246,0
DA:247,0
DA:248,0
DA:249,0
DA:251,0
DA:252,0
DA:253,0
DA:262,0
DA:263,0
DA:264,0
DA:265,0
DA:266,0
DA:270,0
DA:271,0
DA:273,0
DA:274,0
DA:277,0
DA:284,0
DA:285,0
DA:288,0
DA:289,0
DA:290,0
DA:291,0
DA:294,0
DA:295,0
DA:296,0
DA:297,0
DA:301,0
DA:310,0
DA:311,0
DA:315,0
DA:316,0
DA:317,0
DA:318,0
DA:319,0
DA:326,0
DA:334,0
DA:335,0
DA:336,0
DA:340,0
DA:342,0
DA:343,0
DA:346,0
DA:349,0
DA:350,0
DA:358,0
DA:364,0
DA:367,0
DA:368,0
DA:370,0
DA:371,0
DA:373,0
DA:374,0
DA:375,0
DA:383,0
DA:384,0
DA:385,0
DA:386,0
DA:391,0
DA:392,0
DA:393,0
DA:394,0
DA:395,0
DA:404,0
DA:409,0
DA:417,0
DA:430,0
DA:435,0
DA:436,0
DA:438,0
DA:439,0
DA:440,0
DA:441,0
DA:444,0
DA:445,0
DA:448,0
DA:450,0
DA:451,0
DA:452,0
DA:453,0
DA:454,0
DA:457,0
DA:458,0
DA:460,0
DA:467,0
DA:469,0
DA:470,0
DA:471,0
DA:472,0
DA:473,0
DA:475,0
DA:476,0
DA:477,0
DA:480,0
DA:488,0
DA:490,0
DA:491,0
DA:492,0
DA:493,0
DA:495,0
DA:496,0
DA:497,0
DA:498,0
DA:500,0
DA:501,0
DA:502,0
DA:511,0
DA:512,0
DA:513,0
DA:514,0
DA:515,0
DA:520,0
DA:521,0
DA:523,0
DA:524,0
DA:533,0
DA:534,0
DA:536,0
DA:537,0
DA:538,0
DA:539,0
DA:542,0
DA:543,0
DA:544,0
DA:545,0
DA:550,0
DA:552,0
LF:213
LH:0
end_of_record
SF:/root/test/SYSV2/include/kml/kml_service.h
DA:260,0
LF:1
LH:0
end_of_record
TN:
SF:/root/test/SYSV2/include/kml/kml_service.h
DA:260,0
LF:1
LH:0
end_of_record
SF:/root/test/SYSV2/src/SYSV_RK/LASYF_RK.c
FN:10,dlasyf_rk_
FNDA:0,dlasyf_rk_
FNF:1
FNH:0
DA:10,0
DA:23,0
DA:24,0
DA:25,0
DA:26,0
DA:31,0
DA:32,0
DA:34,0
DA:36,0
DA:37,0
DA:38,0
DA:39,0
DA:40,0
DA:44,0
DA:45,0
DA:46,0
DA:47,0
DA:54,0
DA:60,0
DA:61,0
DA:62,0
DA:66,0
DA:68,0
DA:69,0
DA:72,0
DA:74,0
DA:75,0
DA:84,0
DA:90,0
DA:94,0
DA:97,0
DA:98,0
DA:100,0
DA:101,0
DA:102,0
DA:103,0
DA:114,0
DA:115,0
DA:117,0
DA:122,0
DA:123,0
DA:124,0
DA:125,0
DA:135,0
DA:136,0
DA:141,0
DA:144,0
DA:163,0
DA:169,0
DA:172,0
DA:173,0
DA:175,0
DA:178,0
DA:183,0
DA:184,0
DA:186,0
DA:187,0
DA:191,0
DA:194,0
DA:196,0
DA:197,0
DA:199,0
DA:204,0
DA:205,0
DA:207,0
DA:208,0
DA:211,0
DA:217,0
DA:218,0
DA:219,0
DA:220,0
DA:221,0
DA:222,0
DA:224,0
DA:225,0
DA:226,0
DA:227,0
DA:231,0
DA:239,0
DA:241,0
DA:242,0
DA:243,0
DA:244,0
DA:246,0
DA:247,0
DA:248,0
DA:249,0
DA:251,0
DA:252,0
DA:253,0
DA:262,0
DA:263,0
DA:264,0
DA:265,0
DA:266,0
DA:270,0
DA:271,0
DA:273,0
DA:274,0
DA:277,0
DA:284,0
DA:285,0
DA:288,0
DA:289,0
DA:290,0
DA:291,0
DA:294,0
DA:295,0
DA:296,0
DA:297,0
DA:301,0
DA:310,0
DA:311,0
DA:315,0
DA:316,0
DA:317,0
DA:318,0
DA:319,0
DA:326,0
DA:334,0
DA:335,0
DA:336,0
DA:340,0
DA:342,0
DA:343,0
DA:346,0
DA:349,0
DA:350,0
DA:358,0
DA:364,0
DA:367,0
DA:368,0
DA:370,0
DA:371,0
DA:373,0
DA:374,0
DA:375,0
DA:383,0
DA:384,0
DA:385,0
DA:386,0
DA:391,0
DA:392,0
DA:393,0
DA:394,0
DA:395,0
DA:404,0
DA:409,0
DA:417,0
DA:430,0
DA:435,0
DA:436,0
DA:438,0
DA:439,0
DA:440,0
DA:441,0
DA:444,0
DA:445,0
DA:448,0
DA:450,0
DA:451,0
DA:452,0
DA:453,0
DA:454,0
DA:457,0
DA:458,0
DA:460,0
DA:467,0
DA:469,0
DA:470,0
DA:471,0
DA:472,0
DA:473,0
DA:475,0
DA:476,0
DA:477,0
DA:480,0
DA:488,0
DA:490,0
DA:491,0
DA:492,0
DA:493,0
DA:495,0
DA:496,0
DA:497,0
DA:498,0
DA:500,0
DA:501,0
DA:502,0
DA:511,0
DA:512,0
DA:513,0
DA:514,0
DA:515,0
DA:520,0
DA:521,0
DA:523,0
DA:524,0
DA:533,0
DA:534,0
DA:536,0
DA:537,0
DA:538,0
DA:539,0
DA:542,0
DA:543,0
DA:544,0
DA:545,0
DA:550,0
DA:552,0
LF:210
LH:0
end_of_record
TN:
SF:/root/test/SYSV2/src/SYSV_RK/LASYF_RK.c
FN:10,slasyf_rk_
FNDA:0,slasyf_rk_
FNF:1
FNH:0
DA:10,0
DA:23,0
DA:24,0
DA:25,0
DA:26,0
DA:31,0
DA:32,0
DA:34,0
DA:36,0
DA:37,0
DA:38,0
DA:39,0
DA:40,0
DA:44,0
DA:45,0
DA:46,0
DA:47,0
DA:54,0
DA:60,0
DA:61,0
DA:62,0
DA:66,0
DA:68,0
DA:69,0
DA:72,0
DA:74,0
DA:75,0
DA:84,0
DA:90,0
DA:94,0
DA:97,0
DA:98,0
DA:100,0
DA:101,0
DA:102,0
DA:103,0
DA:114,0
DA:115,0
DA:117,0
DA:122,0
DA:123,0
DA:124,0
DA:125,0
DA:135,0
DA:136,0
DA:141,0
DA:144,0
DA:163,0
DA:169,0
DA:172,0
DA:173,0
DA:175,0
DA:178,0
DA:183,0
DA:184,0
DA:186,0
DA:187,0
DA:191,0
DA:194,0
DA:196,0
DA:197,0
DA:199,0
DA:204,0
DA:205,0
DA:207,0
DA:208,0
DA:211,0
DA:217,0
DA:218,0
DA:219,0
DA:220,0
DA:221,0
DA:222,0
DA:224,0
DA:225,0
DA:226,0
DA:227,0
DA:231,0
DA:239,0
DA:241,0
DA:242,0
DA:243,0
DA:244,0
DA:246,0
DA:247,0
DA:248,0
DA:249,0
DA:251,0
DA:252,0
DA:253,0
DA:262,0
DA:263,0
DA:264,0
DA:265,0
DA:266,0
DA:270,0
DA:271,0
DA:273,0
DA:274,0
DA:277,0
DA:284,0
DA:285,0
DA:288,0
DA:289,0
DA:290,0
DA:291,0
DA:294,0
DA:295,0
DA:296,0
DA:297,0
DA:301,0
DA:310,0
DA:311,0
DA:315,0
DA:316,0
DA:317,0
DA:318,0
DA:319,0
DA:326,0
DA:334,0
DA:335,0
DA:336,0
DA:340,0
DA:342,0
DA:343,0
DA:346,0
DA:349,0
DA:350,0
DA:358,0
DA:364,0
DA:367,0
DA:368,0
DA:370,0
DA:371,0
DA:373,0
DA:374,0
DA:375,0
DA:383,0
DA:384,0
DA:385,0
DA:386,0
DA:391,0
DA:392,0
DA:393,0
DA:394,0
DA:395,0
DA:404,0
DA:409,0
DA:417,0
DA:430,0
DA:435,0
DA:436,0
DA:438,0
DA:439,0
DA:440,0
DA:441,0
DA:444,0
DA:445,0
DA:448,0
DA:450,0
DA:451,0
DA:452,0
DA:453,0
DA:454,0
DA:457,0
DA:458,0
DA:460,0
DA:467,0
DA:469,0
DA:470,0
DA:471,0
DA:472,0
DA:473,0
DA:475,0
DA:476,0
DA:477,0
DA:480,0
DA:488,0
DA:490,0
DA:491,0
DA:492,0
DA:493,0
DA:495,0
DA:496,0
DA:497,0
DA:498,0
DA:500,0
DA:501,0
DA:502,0
DA:511,0
DA:512,0
DA:513,0
DA:514,0
DA:515,0
DA:520,0
DA:521,0
DA:523,0
DA:524,0
DA:533,0
DA:534,0
DA:536,0
DA:537,0
DA:538,0
DA:539,0
DA:542,0
DA:543,0
DA:544,0
DA:545,0
DA:550,0
DA:552,0
LF:210
LH:0
end_of_record
SF:/root/test/SYSV2/include/kml/kml_service.h
DA:260,0
LF:1
LH:0
end_of_record
TN:
SF:/root/test/SYSV2/include/kml/kml_service.h
DA:260,0
LF:1
LH:0
end_of_record
SF:/root/test/SYSV2/src/SYSV_RK/SYSV_RK.c
FN:10,csysv_rk_
FNDA:0,csysv_rk_
FNF:1
FNH:0
DA:10,0
DA:26,0
DA:27,0
DA:35,0
DA:42,0
DA:43,0
DA:44,0
DA:45,0
DA:46,0
DA:47,0
DA:48,0
DA:49,0
DA:50,0
DA:51,0
DA:52,0
DA:53,0
DA:54,0
DA:55,0
DA:56,0
DA:57,0
DA:58,0
DA:59,0
DA:60,0
DA:61,0
DA:62,0
DA:63,0
DA:64,0
DA:67,0
DA:68,0
DA:71,0
DA:72,0
DA:73,0
DA:75,0
DA:78,0
DA:79,0
DA:87,0
DA:93,0
DA:102,0
DA:103,0
DA:105,0
DA:108,0
DA:109,0
LF:42
LH:0
end_of_record
TN:
SF:/root/test/SYSV2/include/kml/kml_service.h
DA:260,0
LF:1
LH:0
end_of_record
SF:/root/test/SYSV2/src/SYSV_RK/SYTRS_3.c
FN:10,ssytrs_3_
FNDA:0,ssytrs_3_
FNF:1
FNH:0
DA:10,0
DA:29,0
DA:30,0
DA:31,0
DA:32,0
DA:37,0
DA:38,0
DA:39,0
DA:40,0
DA:41,0
DA:42,0
DA:43,0
DA:44,0
DA:45,0
DA:46,0
DA:47,0
DA:48,0
DA:50,0
DA:51,0
DA:52,0
DA:57,0
DA:60,0
DA:76,0
DA:77,0
DA:78,0
DA:79,0
DA:91,0
DA:98,0
DA:99,0
DA:104,0
DA:106,0
DA:107,0
DA:108,0
DA:109,0
DA:110,0
DA:112,0
DA:113,0
DA:114,0
DA:115,0
DA:116,0
DA:120,0
DA:129,0
DA:143,0
DA:144,0
DA:145,0
DA:146,0
DA:164,0
DA:165,0
DA:166,0
DA:167,0
DA:177,0
DA:185,0
DA:186,0
DA:191,0
DA:193,0
DA:194,0
DA:195,0
DA:196,0
DA:197,0
DA:199,0
DA:200,0
DA:201,0
DA:202,0
DA:203,0
DA:205,0
DA:207,0
DA:216,0
DA:230,0
DA:231,0
DA:232,0
DA:233,0
LF:71
LH:0
end_of_record
TN:
SF:/root/test/SYSV2/src/SYSV_RK/SYTF2_RK.c
FN:10,zsytf2_rk_
FNDA:0,zsytf2_rk_
FNF:1
FNH:0
DA:10,0
DA:48,0
DA:50,0
DA:51,0
DA:58,0
DA:60,0
DA:61,0
DA:62,0
DA:63,0
DA:64,0
DA:65,0
DA:66,0
DA:69,0
DA:70,0
DA:71,0
DA:84,0
DA:85,0
DA:93,0
DA:102,0
DA:111,0
DA:119,0
DA:120,0
DA:121,0
DA:126,0
DA:131,0
DA:132,0
DA:135,0
DA:137,0
DA:147,0
DA:161,0
DA:173,0
DA:174,0
DA:175,0
DA:176,0
DA:177,0
DA:181,0
DA:182,0
DA:183,0
DA:184,0
DA:195,0
DA:196,0
DA:208,0
DA:229,0
DA:234,0
DA:235,0
DA:238,0
DA:239,0
DA:240,0
DA:242,0
DA:243,0
DA:244,0
DA:249,0
DA:250,0
DA:251,0
DA:256,0
DA:257,0
DA:263,0
DA:264,0
DA:267,0
DA:268,0
DA:269,0
DA:271,0
DA:272,0
DA:273,0
DA:274,0
DA:275,0
DA:276,0
DA:277,0
DA:283,0
DA:284,0
DA:285,0
DA:288,0
DA:297,0
DA:302,0
DA:308,0
DA:310,0
DA:311,0
DA:314,0
DA:320,0
DA:323,0
DA:324,0
DA:332,0
DA:333,0
DA:336,0
DA:355,0
DA:356,0
DA:357,0
DA:358,0
DA:359,0
DA:360,0
DA:361,0
DA:362,0
DA:363,0
DA:366,0
DA:367,0
DA:368,0
DA:369,0
DA:373,0
DA:374,0
DA:381,0
DA:382,0
DA:383,0
DA:388,0
DA:389,0
DA:391,0
DA:392,0
DA:395,0
DA:404,0
DA:410,0
DA:419,0
DA:427,0
DA:428,0
DA:429,0
DA:434,0
DA:438,0
DA:439,0
DA:443,0
DA:444,0
DA:454,0
DA:461,0
DA:470,0
DA:471,0
DA:472,0
DA:473,0
DA:474,0
DA:479,0
DA:480,0
DA:481,0
DA:482,0
DA:483,0
DA:484,0
DA:493,0
DA:494,0
DA:501,0
DA:525,0
DA:530,0
DA:531,0
DA:532,0
DA:534,0
DA:535,0
DA:536,0
DA:538,0
DA:539,0
DA:540,0
DA:545,0
DA:546,0
DA:551,0
DA:552,0
DA:557,0
DA:558,0
DA:559,0
DA:561,0
DA:562,0
DA:563,0
DA:565,0
DA:566,0
DA:567,0
DA:568,0
DA:569,0
DA:570,0
DA:571,0
DA:577,0
DA:578,0
DA:584,0
DA:592,0
DA:595,0
DA:601,0
DA:602,0
DA:603,0
DA:607,0
DA:613,0
DA:616,0
DA:617,0
DA:626,0
DA:627,0
DA:631,0
DA:650,0
DA:651,0
DA:652,0
DA:653,0
DA:654,0
DA:656,0
DA:660,0
DA:661,0
DA:662,0
DA:667,0
DA:668,0
DA:669,0
DA:670,0
DA:674,0
DA:675,0
DA:682,0
DA:683,0
DA:684,0
DA:689,0
DA:690,0
DA:692,0
DA:693,0
DA:696,0
LF:199
LH:0
end_of_record
SF:/root/test/SYSV2/include/kml/kml_service.h
DA:260,0
LF:1
LH:0
end_of_record
TN:
SF:/root/test/SYSV2/src/SYSV_RK/LASYF_RK.c
FN:10,zlasyf_rk_
FNDA:0,zlasyf_rk_
FNF:1
FNH:0
DA:10,0
DA:21,0
DA:22,0
DA:23,0
DA:24,0
DA:25,0
DA:26,0
DA:30,0
DA:31,0
DA:32,0
DA:34,0
DA:36,0
DA:37,0
DA:38,0
DA:39,0
DA:40,0
DA:44,0
DA:45,0
DA:46,0
DA:47,0
DA:54,0
DA:60,0
DA:61,0
DA:62,0
DA:66,0
DA:68,0
DA:69,0
DA:72,0
DA:74,0
DA:75,0
DA:84,0
DA:90,0
DA:94,0
DA:97,0
DA:98,0
DA:100,0
DA:101,0
DA:102,0
DA:103,0
DA:114,0
DA:115,0
DA:117,0
DA:122,0
DA:123,0
DA:124,0
DA:125,0
DA:135,0
DA:136,0
DA:141,0
DA:144,0
DA:163,0
DA:169,0
DA:172,0
DA:173,0
DA:175,0
DA:178,0
DA:183,0
DA:184,0
DA:186,0
DA:187,0
DA:191,0
DA:194,0
DA:196,0
DA:197,0
DA:199,0
DA:204,0
DA:205,0
DA:207,0
DA:208,0
DA:211,0
DA:217,0
DA:218,0
DA:219,0
DA:220,0
DA:221,0
DA:222,0
DA:224,0
DA:225,0
DA:226,0
DA:227,0
DA:231,0
DA:239,0
DA:241,0
DA:242,0
DA:243,0
DA:244,0
DA:246,0
DA:247,0
DA:248,0
DA:249,0
DA:251,0
DA:252,0
DA:253,0
DA:262,0
DA:263,0
DA:264,0
DA:265,0
DA:266,0
DA:270,0
DA:271,0
DA:273,0
DA:274,0
DA:277,0
DA:284,0
DA:285,0
DA:288,0
DA:289,0
DA:290,0
DA:291,0
DA:294,0
DA:295,0
DA:296,0
DA:297,0
DA:301,0
DA:310,0
DA:311,0
DA:315,0
DA:316,0
DA:317,0
DA:318,0
DA:319,0
DA:326,0
DA:334,0
DA:335,0
DA:336,0
DA:340,0
DA:342,0
DA:343,0
DA:346,0
DA:349,0
DA:350,0
DA:358,0
DA:364,0
DA:367,0
DA:368,0
DA:370,0
DA:371,0
DA:373,0
DA:374,0
DA:375,0
DA:383,0
DA:384,0
DA:385,0
DA:386,0
DA:391,0
DA:392,0
DA:393,0
DA:394,0
DA:395,0
DA:404,0
DA:409,0
DA:417,0
DA:430,0
DA:435,0
DA:436,0
DA:438,0
DA:439,0
DA:440,0
DA:441,0
DA:444,0
DA:445,0
DA:448,0
DA:450,0
DA:451,0
DA:452,0
DA:453,0
DA:454,0
DA:457,0
DA:458,0
DA:460,0
DA:467,0
DA:469,0
DA:470,0
DA:471,0
DA:472,0
DA:473,0
DA:475,0
DA:476,0
DA:477,0
DA:480,0
DA:488,0
DA:490,0
DA:491,0
DA:492,0
DA:493,0
DA:495,0
DA:496,0
DA:497,0
DA:498,0
DA:500,0
DA:501,0
DA:502,0
DA:511,0
DA:512,0
DA:513,0
DA:514,0
DA:515,0
DA:520,0
DA:521,0
DA:523,0
DA:524,0
DA:533,0
DA:534,0
DA:536,0
DA:537,0
DA:538,0
DA:539,0
DA:542,0
DA:543,0
DA:544,0
DA:545,0
DA:550,0
DA:552,0
LF:213
LH:0
end_of_record
SF:/root/test/SYSV2/include/kml/kml_service.h
DA:260,0
LF:1
LH:0
end_of_record
TN:
SF:/root/test/SYSV2/include/kml/kml_service.h
DA:260,0
LF:1
LH:0
end_of_record
SF:/root/test/SYSV2/src/SYSV_RK/SYTRF_RK.c
FN:10,csytrf_rk_
FNDA:0,csytrf_rk_
FNF:1
FNH:0
DA:10,0
DA:20,0
DA:21,0
DA:22,0
DA:23,0
DA:25,0
DA:26,0
DA:27,0
DA:28,0
DA:29,0
DA:30,0
DA:31,0
DA:32,0
DA:33,0
DA:34,0
DA:35,0
DA:38,0
DA:39,0
DA:40,0
DA:41,0
DA:46,0
DA:47,0
DA:48,0
DA:51,0
DA:52,0
DA:53,0
DA:57,0
DA:58,0
DA:60,0
DA:61,0
DA:62,0
DA:70,0
DA:71,0
DA:74,0
DA:82,0
DA:86,0
DA:87,0
DA:92,0
DA:98,0
DA:99,0
DA:121,0
DA:122,0
DA:123,0
DA:124,0
DA:125,0
DA:126,0
DA:133,0
DA:147,0
DA:148,0
DA:149,0
DA:155,0
DA:156,0
DA:157,0
DA:162,0
DA:163,0
DA:164,0
DA:165,0
DA:177,0
DA:178,0
DA:179,0
DA:181,0
DA:195,0
DA:196,0
DA:197,0
DA:198,0
DA:199,0
DA:206,0
DA:217,0
DA:218,0
LF:69
LH:0
end_of_record
TN:
SF:/root/test/SYSV2/src/SYSV_RK/my_blas.c
FN:10,my_isamax
FNDA:0,my_isamax
FN:14,my_scopy
FNDA:0,my_scopy
FN:22,my_sscal
FNDA:0,my_sscal
FN:33,my_sswap
FNDA:0,my_sswap
FN:41,my_ssyr
FNDA:0,my_ssyr
FN:62,my_sger
FNDA:0,my_sger
FN:82,my_sgemv
FNDA:0,my_sgemv
FN:112,my_sgemm
FNDA:0,my_sgemm
FN:154,my_strsm
FNDA:0,my_strsm
FNF:9
FNH:0
DA:10,0
DA:11,0
DA:14,0
DA:19,0
DA:20,0
DA:22,0
DA:29,0
DA:31,0
DA:33,0
DA:38,0
DA:39,0
DA:41,0
DA:49,0
DA:50,0
DA:52,0
DA:53,0
DA:54,0
DA:56,0
DA:59,0
DA:62,0
DA:72,0
DA:78,0
DA:82,0
DA:94,0
DA:95,0
DA:97,0
DA:98,0
DA:99,0
DA:100,0
DA:101,0
DA:103,0
DA:108,0
DA:112,0
DA:126,0
DA:127,0
DA:129,0
DA:130,0
DA:131,0
DA:132,0
DA:133,0
DA:135,0
DA:137,0
DA:138,0
DA:139,0
DA:140,0
DA:141,0
DA:143,0
DA:149,0
DA:154,0
DA:166,0
DA:167,0
DA:169,0
DA:170,0
DA:171,0
DA:173,0
DA:175,0
DA:176,0
DA:177,0
DA:179,0
DA:181,0
DA:182,0
DA:183,0
DA:184,0
DA:185,0
DA:187,0
DA:189,0
DA:190,0
DA:191,0
DA:193,0
DA:200,0
LF:70
LH:0
end_of_record
TN:
SF:/root/test/SYSV2/src/SYSV_RK/SYTRS_3.c
FN:10,dsytrs_3_
FNDA:0,dsytrs_3_
FNF:1
FNH:0
DA:10,0
DA:29,0
DA:30,0
DA:31,0
DA:32,0
DA:37,0
DA:38,0
DA:39,0
DA:40,0
DA:41,0
DA:42,0
DA:43,0
DA:44,0
DA:45,0
DA:46,0
DA:47,0
DA:48,0
DA:50,0
DA:51,0
DA:52,0
DA:57,0
DA:60,0
DA:76,0
DA:77,0
DA:78,0
DA:79,0
DA:91,0
DA:98,0
DA:99,0
DA:104,0
DA:106,0
DA:107,0
DA:108,0
DA:109,0
DA:110,0
DA:112,0
DA:113,0
DA:114,0
DA:115,0
DA:116,0
DA:120,0
DA:129,0
DA:143,0
DA:144,0
DA:145,0
DA:146,0
DA:164,0
DA:165,0
DA:166,0
DA:167,0
DA:177,0
DA:185,0
DA:186,0
DA:191,0
DA:193,0
DA:194,0
DA:195,0
DA:196,0
DA:197,0
DA:199,0
DA:200,0
DA:201,0
DA:202,0
DA:203,0
DA:205,0
DA:207,0
DA:216,0
DA:230,0
DA:231,0
DA:232,0
DA:233,0
LF:71
LH:0
end_of_record
SF:/root/test/SYSV2/include/kml/kml_service.h
DA:260,0
LF:1
LH:0
end_of_record
TN:
SF:/root/test/SYSV2/include/kml/kml_service.h
DA:260,0
LF:1
LH:0
end_of_record
SF:/root/test/SYSV2/src/SYSV_RK/SYSV_RK.c
FN:10,zsysv_rk_
FNDA:0,zsysv_rk_
FNF:1
FNH:0
DA:10,0
DA:26,0
DA:27,0
DA:38,0
DA:42,0
DA:43,0
DA:44,0
DA:45,0
DA:46,0
DA:47,0
DA:48,0
DA:49,0
DA:50,0
DA:51,0
DA:52,0
DA:53,0
DA:54,0
DA:55,0
DA:56,0
DA:57,0
DA:58,0
DA:59,0
DA:60,0
DA:61,0
DA:62,0
DA:63,0
DA:64,0
DA:67,0
DA:68,0
DA:71,0
DA:72,0
DA:73,0
DA:75,0
DA:78,0
DA:79,0
DA:90,0
DA:93,0
DA:102,0
DA:103,0
DA:105,0
DA:108,0
DA:109,0
LF:42
LH:0
end_of_record
TN:
SF:/root/test/SYSV2/include/kml/kml_service.h
DA:260,0
LF:1
LH:0
end_of_record
SF:/root/test/SYSV2/src/SYSV_RK/SYSV_RK.c
FN:10,dsysv_rk_
FNDA:0,dsysv_rk_
FNF:1
FNH:0
DA:10,0
DA:26,0
DA:27,0
DA:32,0
DA:42,0
DA:43,0
DA:44,0
DA:45,0
DA:46,0
DA:47,0
DA:48,0
DA:49,0
DA:50,0
DA:51,0
DA:52,0
DA:53,0
DA:54,0
DA:55,0
DA:56,0
DA:57,0
DA:58,0
DA:59,0
DA:60,0
DA:61,0
DA:62,0
DA:63,0
DA:64,0
DA:67,0
DA:68,0
DA:71,0
DA:72,0
DA:73,0
DA:75,0
DA:78,0
DA:79,0
DA:84,0
DA:93,0
DA:102,0
DA:103,0
DA:105,0
DA:108,0
DA:109,0
LF:42
LH:0
end_of_record
TN:
SF:/root/test/SYSV2/include/kml/kml_service.h
DA:260,0
LF:1
LH:0
end_of_record
SF:/root/test/SYSV2/src/SYSV_RK/SYTF2_RK.c
FN:10,dsytf2_rk_
FNDA:0,dsytf2_rk_
FNF:1
FNH:0
DA:10,0
DA:50,0
DA:51,0
DA:58,0
DA:60,0
DA:61,0
DA:62,0
DA:63,0
DA:64,0
DA:65,0
DA:66,0
DA:69,0
DA:70,0
DA:71,0
DA:84,0
DA:85,0
DA:93,0
DA:102,0
DA:111,0
DA:119,0
DA:120,0
DA:121,0
DA:126,0
DA:131,0
DA:132,0
DA:135,0
DA:137,0
DA:147,0
DA:161,0
DA:173,0
DA:174,0
DA:175,0
DA:176,0
DA:177,0
DA:181,0
DA:182,0
DA:183,0
DA:184,0
DA:195,0
DA:196,0
DA:208,0
DA:229,0
DA:234,0
DA:235,0
DA:238,0
DA:239,0
DA:240,0
DA:242,0
DA:243,0
DA:244,0
DA:249,0
DA:250,0
DA:251,0
DA:256,0
DA:257,0
DA:263,0
DA:264,0
DA:267,0
DA:268,0
DA:269,0
DA:271,0
DA:272,0
DA:273,0
DA:274,0
DA:275,0
DA:276,0
DA:277,0
DA:283,0
DA:284,0
DA:285,0
DA:288,0
DA:297,0
DA:302,0
DA:308,0
DA:310,0
DA:311,0
DA:316,0
DA:323,0
DA:324,0
DA:332,0
DA:333,0
DA:336,0
DA:355,0
DA:356,0
DA:357,0
DA:358,0
DA:359,0
DA:360,0
DA:361,0
DA:362,0
DA:363,0
DA:366,0
DA:367,0
DA:368,0
DA:369,0
DA:373,0
DA:374,0
DA:381,0
DA:382,0
DA:383,0
DA:388,0
DA:389,0
DA:391,0
DA:392,0
DA:395,0
DA:404,0
DA:410,0
DA:419,0
DA:427,0
DA:428,0
DA:429,0
DA:434,0
DA:438,0
DA:439,0
DA:443,0
DA:444,0
DA:454,0
DA:461,0
DA:470,0
DA:471,0
DA:472,0
DA:473,0
DA:474,0
DA:479,0
DA:480,0
DA:481,0
DA:482,0
DA:483,0
DA:484,0
DA:493,0
DA:494,0
DA:501,0
DA:525,0
DA:530,0
DA:531,0
DA:532,0
DA:534,0
DA:535,0
DA:536,0
DA:538,0
DA:539,0
DA:540,0
DA:545,0
DA:546,0
DA:551,0
DA:552,0
DA:557,0
DA:558,0
DA:559,0
DA:561,0
DA:562,0
DA:563,0
DA:565,0
DA:566,0
DA:567,0
DA:568,0
DA:569,0
DA:570,0
DA:571,0
DA:577,0
DA:578,0
DA:584,0
DA:592,0
DA:595,0
DA:601,0
DA:602,0
DA:603,0
DA:609,0
DA:616,0
DA:617,0
DA:626,0
DA:627,0
DA:631,0
DA:650,0
DA:651,0
DA:652,0
DA:653,0
DA:654,0
DA:656,0
DA:660,0
DA:661,0
DA:662,0
DA:667,0
DA:668,0
DA:669,0
DA:670,0
DA:674,0
DA:675,0
DA:682,0
DA:683,0
DA:684,0
DA:689,0
DA:690,0
DA:692,0
DA:693,0
DA:696,0
LF:196
LH:0
end_of_record
TN:
SF:/root/test/SYSV2/src/SYSV_RK/my_blas.c
FN:10,my_izamax
FNDA:0,my_izamax
FN:14,my_zcopy
FNDA:0,my_zcopy
FN:22,my_zscal
FNDA:0,my_zscal
FN:33,my_zswap
FNDA:0,my_zswap
FN:41,my_zsyr2
FNDA:0,my_zsyr2
FN:62,my_zgeru
FNDA:0,my_zgeru
FN:82,my_zgemv
FNDA:0,my_zgemv
FN:112,my_zgemm
FNDA:0,my_zgemm
FN:154,my_ztrsm
FNDA:0,my_ztrsm
FNF:9
FNH:0
DA:10,0
DA:11,0
DA:14,0
DA:19,0
DA:20,0
DA:22,0
DA:27,0
DA:31,0
DA:33,0
DA:38,0
DA:39,0
DA:41,0
DA:49,0
DA:50,0
DA:52,0
DA:53,0
DA:54,0
DA:56,0
DA:59,0
DA:62,0
DA:72,0
DA:76,0
DA:82,0
DA:94,0
DA:95,0
DA:97,0
DA:98,0
DA:99,0
DA:100,0
DA:101,0
DA:103,0
DA:106,0
DA:112,0
DA:126,0
DA:127,0
DA:129,0
DA:130,0
DA:131,0
DA:132,0
DA:133,0
DA:135,0
DA:137,0
DA:138,0
DA:139,0
DA:140,0
DA:141,0
DA:143,0
DA:146,0
DA:154,0
DA:166,0
DA:167,0
DA:169,0
DA:170,0
DA:171,0
DA:173,0
DA:175,0
DA:176,0
DA:177,0
DA:179,0
DA:181,0
DA:182,0
DA:183,0
DA:184,0
DA:185,0
DA:187,0
DA:189,0
DA:190,0
DA:191,0
DA:193,0
DA:197,0
LF:70
LH:0
end_of_record
TN:
SF:/root/test/SYSV2/include/kml/kml_service.h
DA:260,0
LF:1
LH:0
end_of_record
SF:/root/test/SYSV2/src/SYSV_RK/SYTF2_RK.c
FN:10,csytf2_rk_
FNDA:0,csytf2_rk_
FNF:1
FNH:0
DA:10,0
DA:48,0
DA:50,0
DA:51,0
DA:58,0
DA:60,0
DA:61,0
DA:62,0
DA:63,0
DA:64,0
DA:65,0
DA:66,0
DA:69,0
DA:70,0
DA:71,0
DA:84,0
DA:85,0
DA:93,0
DA:102,0
DA:111,0
DA:119,0
DA:120,0
DA:121,0
DA:126,0
DA:131,0
DA:132,0
DA:135,0
DA:137,0
DA:147,0
DA:161,0
DA:173,0
DA:174,0
DA:175,0
DA:176,0
DA:177,0
DA:181,0
DA:182,0
DA:183,0
DA:184,0
DA:195,0
DA:196,0
DA:208,0
DA:229,0
DA:234,0
DA:235,0
DA:238,0
DA:239,0
DA:240,0
DA:242,0
DA:243,0
DA:244,0
DA:249,0
DA:250,0
DA:251,0
DA:256,0
DA:257,0
DA:263,0
DA:264,0
DA:267,0
DA:268,0
DA:269,0
DA:271,0
DA:272,0
DA:273,0
DA:274,0
DA:275,0
DA:276,0
DA:277,0
DA:283,0
DA:284,0
DA:285,0
DA:288,0
DA:297,0
DA:302,0
DA:308,0
DA:310,0
DA:311,0
DA:314,0
DA:320,0
DA:323,0
DA:324,0
DA:332,0
DA:333,0
DA:336,0
DA:355,0
DA:356,0
DA:357,0
DA:358,0
DA:359,0
DA:360,0
DA:361,0
DA:362,0
DA:363,0
DA:366,0
DA:367,0
DA:368,0
DA:369,0
DA:373,0
DA:374,0
DA:381,0
DA:382,0
DA:383,0
DA:388,0
DA:389,0
DA:391,0
DA:392,0
DA:395,0
DA:404,0
DA:410,0
DA:419,0
DA:427,0
DA:428,0
DA:429,0
DA:434,0
DA:438,0
DA:439,0
DA:443,0
DA:444,0
DA:454,0
DA:461,0
DA:470,0
DA:471,0
DA:472,0
DA:473,0
DA:474,0
DA:479,0
DA:480,0
DA:481,0
DA:482,0
DA:483,0
DA:484,0
DA:493,0
DA:494,0
DA:501,0
DA:525,0
DA:530,0
DA:531,0
DA:532,0
DA:534,0
DA:535,0
DA:536,0
DA:538,0
DA:539,0
DA:540,0
DA:545,0
DA:546,0
DA:551,0
DA:552,0
DA:557,0
DA:558,0
DA:559,0
DA:561,0
DA:562,0
DA:563,0
DA:565,0
DA:566,0
DA:567,0
DA:568,0
DA:569,0
DA:570,0
DA:571,0
DA:577,0
DA:578,0
DA:584,0
DA:592,0
DA:595,0
DA:601,0
DA:602,0
DA:603,0
DA:607,0
DA:613,0
DA:616,0
DA:617,0
DA:626,0
DA:627,0
DA:631,0
DA:650,0
DA:651,0
DA:652,0
DA:653,0
DA:654,0
DA:656,0
DA:660,0
DA:661,0
DA:662,0
DA:667,0
DA:668,0
DA:669,0
DA:670,0
DA:674,0
DA:675,0
DA:682,0
DA:683,0
DA:684,0
DA:689,0
DA:690,0
DA:692,0
DA:693,0
DA:696,0
LF:199
LH:0
end_of_record
TN:
SF:/root/test/SYSV2/src/SYSV_RK/SYTF2_RK.c
FN:10,ssytf2_rk_
FNDA:0,ssytf2_rk_
FNF:1
FNH:0
DA:10,0
DA:50,0
DA:51,0
DA:58,0
DA:60,0
DA:61,0
DA:62,0
DA:63,0
DA:64,0
DA:65,0
DA:66,0
DA:69,0
DA:70,0
DA:71,0
DA:84,0
DA:85,0
DA:93,0
DA:102,0
DA:111,0
DA:119,0
DA:120,0
DA:121,0
DA:126,0
DA:131,0
DA:132,0
DA:135,0
DA:137,0
DA:147,0
DA:161,0
DA:173,0
DA:174,0
DA:175,0
DA:176,0
DA:177,0
DA:181,0
DA:182,0
DA:183,0
DA:184,0
DA:195,0
DA:196,0
DA:208,0
DA:229,0
DA:234,0
DA:235,0
DA:238,0
DA:239,0
DA:240,0
DA:242,0
DA:243,0
DA:244,0
DA:249,0
DA:250,0
DA:251,0
DA:256,0
DA:257,0
DA:263,0
DA:264,0
DA:267,0
DA:268,0
DA:269,0
DA:271,0
DA:272,0
DA:273,0
DA:274,0
DA:275,0
DA:276,0
DA:277,0
DA:283,0
DA:284,0
DA:285,0
DA:288,0
DA:297,0
DA:302,0
DA:308,0
DA:310,0
DA:311,0
DA:316,0
DA:323,0
DA:324,0
DA:332,0
DA:333,0
DA:336,0
DA:355,0
DA:356,0
DA:357,0
DA:358,0
DA:359,0
DA:360,0
DA:361,0
DA:362,0
DA:363,0
DA:366,0
DA:367,0
DA:368,0
DA:369,0
DA:373,0
DA:374,0
DA:381,0
DA:382,0
DA:383,0
DA:388,0
DA:389,0
DA:391,0
DA:392,0
DA:395,0
DA:404,0
DA:410,0
DA:419,0
DA:427,0
DA:428,0
DA:429,0
DA:434,0
DA:438,0
DA:439,0
DA:443,0
DA:444,0
DA:454,0
DA:461,0
DA:470,0
DA:471,0
DA:472,0
DA:473,0
DA:474,0
DA:479,0
DA:480,0
DA:481,0
DA:482,0
DA:483,0
DA:484,0
DA:493,0
DA:494,0
DA:501,0
DA:525,0
DA:530,0
DA:531,0
DA:532,0
DA:534,0
DA:535,0
DA:536,0
DA:538,0
DA:539,0
DA:540,0
DA:545,0
DA:546,0
DA:551,0
DA:552,0
DA:557,0
DA:558,0
DA:559,0
DA:561,0
DA:562,0
DA:563,0
DA:565,0
DA:566,0
DA:567,0
DA:568,0
DA:569,0
DA:570,0
DA:571,0
DA:577,0
DA:578,0
DA:584,0
DA:592,0
DA:595,0
DA:601,0
DA:602,0
DA:603,0
DA:609,0
DA:616,0
DA:617,0
DA:626,0
DA:627,0
DA:631,0
DA:650,0
DA:651,0
DA:652,0
DA:653,0
DA:654,0
DA:656,0
DA:660,0
DA:661,0
DA:662,0
DA:667,0
DA:668,0
DA:669,0
DA:670,0
DA:674,0
DA:675,0
DA:682,0
DA:683,0
DA:684,0
DA:689,0
DA:690,0
DA:692,0
DA:693,0
DA:696,0
LF:196
LH:0
end_of_record
SF:/root/test/SYSV2/include/kml/kml_service.h
DA:260,0
LF:1
LH:0
end_of_record
TN:
SF:/root/test/SYSV2/src/SYSV_RK/SYSV_RK.c
FN:10,ssysv_rk_
FNDA:0,ssysv_rk_
FNF:1
FNH:0
DA:10,0
DA:26,0
DA:27,0
DA:29,0
DA:42,0
DA:43,0
DA:44,0
DA:45,0
DA:46,0
DA:47,0
DA:48,0
DA:49,0
DA:50,0
DA:51,0
DA:52,0
DA:53,0
DA:54,0
DA:55,0
DA:56,0
DA:57,0
DA:58,0
DA:59,0
DA:60,0
DA:61,0
DA:62,0
DA:63,0
DA:64,0
DA:67,0
DA:68,0
DA:71,0
DA:72,0
DA:73,0
DA:75,0
DA:78,0
DA:79,0
DA:81,0
DA:93,0
DA:102,0
DA:103,0
DA:105,0
DA:108,0
DA:109,0
LF:42
LH:0
end_of_record
SF:/root/test/SYSV2/include/kml/kml_service.h
DA:260,0
LF:1
LH:0
end_of_record
TN:
SF:/root/test/SYSV2/src/SYSV_RK/SYTRS_3.c
FN:10,zsytrs_3_
FNDA:0,zsytrs_3_
FNF:1
FNH:0
DA:10,0
DA:25,0
DA:29,0
DA:30,0
DA:31,0
DA:32,0
DA:37,0
DA:38,0
DA:39,0
DA:40,0
DA:41,0
DA:42,0
DA:43,0
DA:44,0
DA:45,0
DA:46,0
DA:47,0
DA:48,0
DA:50,0
DA:51,0
DA:52,0
DA:57,0
DA:60,0
DA:76,0
DA:77,0
DA:78,0
DA:79,0
DA:88,0
DA:98,0
DA:99,0
DA:101,0
DA:102,0
DA:106,0
DA:107,0
DA:108,0
DA:109,0
DA:110,0
DA:112,0
DA:113,0
DA:114,0
DA:115,0
DA:116,0
DA:120,0
DA:126,0
DA:143,0
DA:144,0
DA:145,0
DA:146,0
DA:164,0
DA:165,0
DA:166,0
DA:167,0
DA:174,0
DA:185,0
DA:186,0
DA:188,0
DA:189,0
DA:193,0
DA:194,0
DA:195,0
DA:196,0
DA:197,0
DA:199,0
DA:200,0
DA:201,0
DA:202,0
DA:203,0
DA:205,0
DA:207,0
DA:213,0
DA:230,0
DA:231,0
DA:232,0
DA:233,0
LF:74
LH:0
end_of_record
SF:/root/test/SYSV2/include/kml/kml_service.h
DA:260,0
LF:1
LH:0
end_of_record
TN:
SF:/root/test/SYSV2/src/SYSV_RK/my_blas.c
FN:10,my_icamax
FNDA:0,my_icamax
FN:14,my_ccopy
FNDA:0,my_ccopy
FN:22,my_cscal
FNDA:0,my_cscal
FN:33,my_cswap
FNDA:0,my_cswap
FN:41,my_csyr2
FNDA:0,my_csyr2
FN:62,my_cgeru
FNDA:0,my_cgeru
FN:82,my_cgemv
FNDA:0,my_cgemv
FN:112,my_cgemm
FNDA:0,my_cgemm
FN:154,my_ctrsm
FNDA:0,my_ctrsm
FNF:9
FNH:0
DA:10,0
DA:11,0
DA:14,0
DA:19,0
DA:20,0
DA:22,0
DA:27,0
DA:31,0
DA:33,0
DA:38,0
DA:39,0
DA:41,0
DA:49,0
DA:50,0
DA:52,0
DA:53,0
DA:54,0
DA:56,0
DA:59,0
DA:62,0
DA:72,0
DA:76,0
DA:82,0
DA:94,0
DA:95,0
DA:97,0
DA:98,0
DA:99,0
DA:100,0
DA:101,0
DA:103,0
DA:106,0
DA:112,0
DA:126,0
DA:127,0
DA:129,0
DA:130,0
DA:131,0
DA:132,0
DA:133,0
DA:135,0
DA:137,0
DA:138,0
DA:139,0
DA:140,0
DA:141,0
DA:143,0
DA:146,0
DA:154,0
DA:166,0
DA:167,0
DA:169,0
DA:170,0
DA:171,0
DA:173,0
DA:175,0
DA:176,0
DA:177,0
DA:179,0
DA:181,0
DA:182,0
DA:183,0
DA:184,0
DA:185,0
DA:187,0
DA:189,0
DA:190,0
DA:191,0
DA:193,0
DA:197,0
LF:70
LH:0
end_of_record
TN:
SF:/root/test/SYSV2/include/kml/kml_service.h
DA:260,0
LF:1
LH:0
end_of_record
SF:/root/test/SYSV2/src/SYSV_RK/SYTRF_RK.c
FN:10,zsytrf_rk_
FNDA:0,zsytrf_rk_
FNF:1
FNH:0
DA:10,0
DA:20,0
DA:21,0
DA:22,0
DA:23,0
DA:25,0
DA:26,0
DA:27,0
DA:28,0
DA:29,0
DA:30,0
DA:31,0
DA:32,0
DA:33,0
DA:34,0
DA:35,0
DA:38,0
DA:39,0
DA:40,0
DA:41,0
DA:46,0
DA:47,0
DA:48,0
DA:51,0
DA:52,0
DA:53,0
DA:57,0
DA:58,0
DA:60,0
DA:61,0
DA:62,0
DA:70,0
DA:71,0
DA:74,0
DA:82,0
DA:86,0
DA:87,0
DA:92,0
DA:98,0
DA:99,0
DA:121,0
DA:122,0
DA:123,0
DA:124,0
DA:125,0
DA:126,0
DA:133,0
DA:147,0
DA:148,0
DA:149,0
DA:155,0
DA:156,0
DA:157,0
DA:162,0
DA:163,0
DA:164,0
DA:165,0
DA:177,0
DA:178,0
DA:179,0
DA:181,0
DA:195,0
DA:196,0
DA:197,0
DA:198,0
DA:199,0
DA:206,0
DA:217,0
DA:218,0
LF:69
LH:0
end_of_record
TN:
SF:/root/test/SYSV2/src/SYSV_RK/my_blas.c
FN:10,my_idamax
FNDA:0,my_idamax
FN:14,my_dcopy
FNDA:0,my_dcopy
FN:22,my_dscal
FNDA:0,my_dscal
FN:33,my_dswap
FNDA:0,my_dswap
FN:41,my_dsyr
FNDA:0,my_dsyr
FN:62,my_dger
FNDA:0,my_dger
FN:82,my_dgemv
FNDA:0,my_dgemv
FN:112,my_dgemm
FNDA:0,my_dgemm
FN:154,my_dtrsm
FNDA:0,my_dtrsm
FNF:9
FNH:0
DA:10,0
DA:11,0
DA:14,0
DA:19,0
DA:20,0
DA:22,0
DA:29,0
DA:31,0
DA:33,0
DA:38,0
DA:39,0
DA:41,0
DA:49,0
DA:50,0
DA:52,0
DA:53,0
DA:54,0
DA:56,0
DA:59,0
DA:62,0
DA:72,0
DA:78,0
DA:82,0
DA:94,0
DA:95,0
DA:97,0
DA:98,0
DA:99,0
DA:100,0
DA:101,0
DA:103,0
DA:108,0
DA:112,0
DA:126,0
DA:127,0
DA:129,0
DA:130,0
DA:131,0
DA:132,0
DA:133,0
DA:135,0
DA:137,0
DA:138,0
DA:139,0
DA:140,0
DA:141,0
DA:143,0
DA:149,0
DA:154,0
DA:166,0
DA:167,0
DA:169,0
DA:170,0
DA:171,0
DA:173,0
DA:175,0
DA:176,0
DA:177,0
DA:179,0
DA:181,0
DA:182,0
DA:183,0
DA:184,0
DA:185,0
DA:187,0
DA:189,0
DA:190,0
DA:191,0
DA:193,0
DA:200,0
LF:70
LH:0
end_of_record
TN:
SF:/root/test/SYSV2/src/SYSV_RK/ilaenv.c
FN:10,ilaenv
FNDA:0,ilaenv
FNF:1
FNH:0
DA:10,0
DA:23,0
DA:25,0
DA:28,0
DA:31,0
DA:34,0
DA:37,0
DA:40,0
DA:44,0
LF:9
LH:0
end_of_record
